  [1m[35m (164.6ms)[0m  [1m[35mCREATE DATABASE "nncats_development" ENCODING = 'unicode'[0m
  ↳ bin/rails:9
  [1m[35m (56.9ms)[0m  [1m[35mCREATE DATABASE "nncats_test" ENCODING = 'unicode'[0m
  ↳ bin/rails:9
  [1m[35m (8.3ms)[0m  [1m[35mCREATE TABLE "schema_migrations" ("version" character varying NOT NULL PRIMARY KEY)[0m
  ↳ bin/rails:9
  [1m[35m (2.6ms)[0m  [1m[35mCREATE TABLE "ar_internal_metadata" ("key" character varying NOT NULL PRIMARY KEY, "value" character varying, "created_at" timestamp NOT NULL, "updated_at" timestamp NOT NULL)[0m
  ↳ bin/rails:9
  [1m[35m (0.2ms)[0m  [1m[34mSELECT pg_try_advisory_lock(2797478950837327785)[0m
  ↳ bin/rails:9
  [1m[35m (0.4ms)[0m  [1m[34mSELECT "schema_migrations"."version" FROM "schema_migrations" ORDER BY "schema_migrations"."version" ASC[0m
  ↳ bin/rails:9
Migrating to CreateCats (20210423190425)
  [1m[35m (0.1ms)[0m  [1m[35mBEGIN[0m
  ↳ bin/rails:9
  [1m[35m (3.5ms)[0m  [1m[35mCREATE TABLE "cats" ("id" bigserial primary key, "birth_date" date NOT NULL, "color" character varying NOT NULL, "name" character varying NOT NULL, "sex" character varying(1) NOT NULL, "description" text NOT NULL, "created_at" timestamp NOT NULL, "updated_at" timestamp NOT NULL)[0m
  ↳ db/migrate/20210423190425_create_cats.rb:3
  [1m[35m (0.7ms)[0m  [1m[35mCREATE  INDEX  "index_cats_on_name" ON "cats"  ("name")[0m
  ↳ db/migrate/20210423190425_create_cats.rb:12
  [1m[36mActiveRecord::SchemaMigration Create (0.6ms)[0m  [1m[32mINSERT INTO "schema_migrations" ("version") VALUES ($1) RETURNING "version"[0m  [["version", "20210423190425"]]
  ↳ bin/rails:9
  [1m[35m (0.3ms)[0m  [1m[35mCOMMIT[0m
  ↳ bin/rails:9
  [1m[36mActiveRecord::InternalMetadata Load (0.7ms)[0m  [1m[34mSELECT  "ar_internal_metadata".* FROM "ar_internal_metadata" WHERE "ar_internal_metadata"."key" = $1 LIMIT $2[0m  [["key", "environment"], ["LIMIT", 1]]
  ↳ bin/rails:9
  [1m[35m (0.1ms)[0m  [1m[35mBEGIN[0m
  ↳ bin/rails:9
  [1m[36mActiveRecord::InternalMetadata Create (0.4ms)[0m  [1m[32mINSERT INTO "ar_internal_metadata" ("key", "value", "created_at", "updated_at") VALUES ($1, $2, $3, $4) RETURNING "key"[0m  [["key", "environment"], ["value", "development"], ["created_at", "2021-04-23 19:12:06.029245"], ["updated_at", "2021-04-23 19:12:06.029245"]]
  ↳ bin/rails:9
  [1m[35m (0.2ms)[0m  [1m[35mCOMMIT[0m
  ↳ bin/rails:9
  [1m[35m (0.1ms)[0m  [1m[34mSELECT pg_advisory_unlock(2797478950837327785)[0m
  ↳ bin/rails:9
  [1m[35m (0.1ms)[0m  [1m[34mSELECT "schema_migrations"."version" FROM "schema_migrations" ORDER BY "schema_migrations"."version" ASC[0m
  ↳ bin/rails:9
  [1m[35m (0.5ms)[0m  [1m[34mSELECT "schema_migrations"."version" FROM "schema_migrations" ORDER BY "schema_migrations"."version" ASC[0m
  ↳ /Users/will/.rbenv/versions/2.5.1/bin/annotate:23
  [1m[35m (0.1ms)[0m  [1m[35mBEGIN[0m
  [1m[36mCat Exists (0.8ms)[0m  [1m[34mSELECT  1 AS one FROM "cats" WHERE "cats"."name" = $1 LIMIT $2[0m  [["name", "tom"], ["LIMIT", 1]]
  [1m[36mCat Create (0.7ms)[0m  [1m[32mINSERT INTO "cats" ("birth_date", "color", "name", "sex", "description", "created_at", "updated_at") VALUES ($1, $2, $3, $4, $5, $6, $7) RETURNING "id"[0m  [["birth_date", 20200101], ["color", "black"], ["name", "tom"], ["sex", "f"], ["description", "test description"], ["created_at", "2021-04-23 19:19:46.900985"], ["updated_at", "2021-04-23 19:19:46.900985"]]
  [1m[35m (0.3ms)[0m  [1m[35mCOMMIT[0m
  [1m[35m (0.1ms)[0m  [1m[35mBEGIN[0m
  [1m[36mCat Exists (0.3ms)[0m  [1m[34mSELECT  1 AS one FROM "cats" WHERE "cats"."name" = $1 LIMIT $2[0m  [["name", "tom"], ["LIMIT", 1]]
  [1m[35m (0.3ms)[0m  [1m[31mROLLBACK[0m
  [1m[35m (0.1ms)[0m  [1m[35mBEGIN[0m
  [1m[36mCat Exists (0.2ms)[0m  [1m[34mSELECT  1 AS one FROM "cats" WHERE "cats"."name" = $1 LIMIT $2[0m  [["name", "tom"], ["LIMIT", 1]]
  [1m[35m (0.1ms)[0m  [1m[31mROLLBACK[0m
  [1m[35m (0.1ms)[0m  [1m[35mBEGIN[0m
  [1m[36mCat Exists (0.3ms)[0m  [1m[34mSELECT  1 AS one FROM "cats" WHERE "cats"."name" = $1 LIMIT $2[0m  [["name", "tom"], ["LIMIT", 1]]
  [1m[35m (0.1ms)[0m  [1m[31mROLLBACK[0m
