  [1m[35m (168.2ms)[0m  [1m[35mCREATE DATABASE "w8d1_reddit_development" ENCODING = 'unicode'[0m
  ↳ bin/rails:9
  [1m[35m (40.3ms)[0m  [1m[35mCREATE DATABASE "w8d1_reddit_test" ENCODING = 'unicode'[0m
  ↳ bin/rails:9
  [1m[35m (23.7ms)[0m  [1m[35mCREATE TABLE "schema_migrations" ("version" character varying NOT NULL PRIMARY KEY)[0m
  ↳ bin/rails:9
  [1m[35m (20.6ms)[0m  [1m[35mCREATE TABLE "ar_internal_metadata" ("key" character varying NOT NULL PRIMARY KEY, "value" character varying, "created_at" timestamp NOT NULL, "updated_at" timestamp NOT NULL)[0m
  ↳ bin/rails:9
  [1m[35m (0.1ms)[0m  [1m[34mSELECT pg_try_advisory_lock(6426619604749772295)[0m
  ↳ bin/rails:9
  [1m[35m (0.3ms)[0m  [1m[34mSELECT "schema_migrations"."version" FROM "schema_migrations" ORDER BY "schema_migrations"."version" ASC[0m
  ↳ bin/rails:9
Migrating to CreateUsers (20210503183105)
  [1m[35m (0.1ms)[0m  [1m[35mBEGIN[0m
  ↳ bin/rails:9
  [1m[35m (15.9ms)[0m  [1m[35mCREATE TABLE "users" ("id" bigserial primary key, "username" character varying, "password_digest" character varying, "session_token" character varying, "created_at" timestamp NOT NULL, "updated_at" timestamp NOT NULL)[0m
  ↳ db/migrate/20210503183105_create_users.rb:3
  [1m[35m (6.7ms)[0m  [1m[35mCREATE  INDEX  "index_users_on_session_token" ON "users"  ("session_token")[0m
  ↳ db/migrate/20210503183105_create_users.rb:10
  [1m[36mActiveRecord::SchemaMigration Create (0.5ms)[0m  [1m[32mINSERT INTO "schema_migrations" ("version") VALUES ($1) RETURNING "version"[0m  [["version", "20210503183105"]]
  ↳ bin/rails:9
  [1m[35m (0.4ms)[0m  [1m[35mCOMMIT[0m
  ↳ bin/rails:9
  [1m[36mActiveRecord::InternalMetadata Load (0.2ms)[0m  [1m[34mSELECT  "ar_internal_metadata".* FROM "ar_internal_metadata" WHERE "ar_internal_metadata"."key" = $1 LIMIT $2[0m  [["key", "environment"], ["LIMIT", 1]]
  ↳ bin/rails:9
  [1m[35m (0.1ms)[0m  [1m[35mBEGIN[0m
  ↳ bin/rails:9
  [1m[36mActiveRecord::InternalMetadata Create (0.3ms)[0m  [1m[32mINSERT INTO "ar_internal_metadata" ("key", "value", "created_at", "updated_at") VALUES ($1, $2, $3, $4) RETURNING "key"[0m  [["key", "environment"], ["value", "development"], ["created_at", "2021-05-03 18:32:27.300160"], ["updated_at", "2021-05-03 18:32:27.300160"]]
  ↳ bin/rails:9
  [1m[35m (5.8ms)[0m  [1m[35mCOMMIT[0m
  ↳ bin/rails:9
  [1m[35m (0.2ms)[0m  [1m[34mSELECT pg_advisory_unlock(6426619604749772295)[0m
  ↳ bin/rails:9
  [1m[35m (0.2ms)[0m  [1m[34mSELECT "schema_migrations"."version" FROM "schema_migrations" ORDER BY "schema_migrations"."version" ASC[0m
  ↳ bin/rails:9
  [1m[35m (0.5ms)[0m  [1m[34mSELECT "schema_migrations"."version" FROM "schema_migrations" ORDER BY "schema_migrations"."version" ASC[0m
  ↳ /Users/will/.rbenv/versions/2.5.1/bin/annotate:23
  [1m[35m (0.1ms)[0m  [1m[34mSELECT pg_try_advisory_lock(6426619604749772295)[0m
  ↳ bin/rails:9
  [1m[35m (0.5ms)[0m  [1m[34mSELECT "schema_migrations"."version" FROM "schema_migrations" ORDER BY "schema_migrations"."version" ASC[0m
  ↳ bin/rails:9
Migrating to CreateSubs (20210503190030)
  [1m[35m (0.1ms)[0m  [1m[35mBEGIN[0m
  ↳ bin/rails:9
  [1m[35m (5.9ms)[0m  [1m[35mCREATE TABLE "subs" ("id" bigserial primary key, "title" character varying, "description" character varying, "moderator" integer, "created_at" timestamp NOT NULL, "updated_at" timestamp NOT NULL)[0m
  ↳ db/migrate/20210503190030_create_subs.rb:3
  [1m[36mActiveRecord::SchemaMigration Create (0.2ms)[0m  [1m[32mINSERT INTO "schema_migrations" ("version") VALUES ($1) RETURNING "version"[0m  [["version", "20210503190030"]]
  ↳ bin/rails:9
  [1m[35m (0.5ms)[0m  [1m[35mCOMMIT[0m
  ↳ bin/rails:9
  [1m[36mActiveRecord::InternalMetadata Load (0.3ms)[0m  [1m[34mSELECT  "ar_internal_metadata".* FROM "ar_internal_metadata" WHERE "ar_internal_metadata"."key" = $1 LIMIT $2[0m  [["key", "environment"], ["LIMIT", 1]]
  ↳ bin/rails:9
  [1m[35m (0.1ms)[0m  [1m[35mBEGIN[0m
  ↳ bin/rails:9
  [1m[35m (0.1ms)[0m  [1m[35mCOMMIT[0m
  ↳ bin/rails:9
  [1m[35m (0.1ms)[0m  [1m[34mSELECT pg_advisory_unlock(6426619604749772295)[0m
  ↳ bin/rails:9
  [1m[35m (0.2ms)[0m  [1m[34mSELECT "schema_migrations"."version" FROM "schema_migrations" ORDER BY "schema_migrations"."version" ASC[0m
  ↳ bin/rails:9
  [1m[35m (0.5ms)[0m  [1m[34mSELECT "schema_migrations"."version" FROM "schema_migrations" ORDER BY "schema_migrations"."version" ASC[0m
  ↳ /Users/will/.rbenv/versions/2.5.1/bin/annotate:23
  [1m[35m (0.1ms)[0m  [1m[34mSELECT pg_try_advisory_lock(6426619604749772295)[0m
  ↳ bin/rails:9
  [1m[35m (0.5ms)[0m  [1m[34mSELECT "schema_migrations"."version" FROM "schema_migrations" ORDER BY "schema_migrations"."version" ASC[0m
  ↳ bin/rails:9
Migrating to CreatePosts (20210503205204)
  [1m[35m (0.1ms)[0m  [1m[35mBEGIN[0m
  ↳ bin/rails:9
  [1m[35m (4.5ms)[0m  [1m[35mCREATE TABLE "posts" ("id" bigserial primary key, "title" character varying, "url" character varying, "content" text, "sub_id" integer, "author_id" integer, "created_at" timestamp NOT NULL, "updated_at" timestamp NOT NULL)[0m
  ↳ db/migrate/20210503205204_create_posts.rb:3
  [1m[35m (1.2ms)[0m  [1m[35mCREATE  INDEX  "index_posts_on_sub_id" ON "posts"  ("sub_id")[0m
  ↳ db/migrate/20210503205204_create_posts.rb:12
  [1m[35m (1.1ms)[0m  [1m[35mCREATE  INDEX  "index_posts_on_author_id" ON "posts"  ("author_id")[0m
  ↳ db/migrate/20210503205204_create_posts.rb:13
  [1m[36mActiveRecord::SchemaMigration Create (0.4ms)[0m  [1m[32mINSERT INTO "schema_migrations" ("version") VALUES ($1) RETURNING "version"[0m  [["version", "20210503205204"]]
  ↳ bin/rails:9
  [1m[35m (1.4ms)[0m  [1m[35mCOMMIT[0m
  ↳ bin/rails:9
  [1m[36mActiveRecord::InternalMetadata Load (0.5ms)[0m  [1m[34mSELECT  "ar_internal_metadata".* FROM "ar_internal_metadata" WHERE "ar_internal_metadata"."key" = $1 LIMIT $2[0m  [["key", "environment"], ["LIMIT", 1]]
  ↳ bin/rails:9
  [1m[35m (0.1ms)[0m  [1m[35mBEGIN[0m
  ↳ bin/rails:9
  [1m[35m (0.1ms)[0m  [1m[35mCOMMIT[0m
  ↳ bin/rails:9
  [1m[35m (0.2ms)[0m  [1m[34mSELECT pg_advisory_unlock(6426619604749772295)[0m
  ↳ bin/rails:9
  [1m[35m (0.1ms)[0m  [1m[34mSELECT "schema_migrations"."version" FROM "schema_migrations" ORDER BY "schema_migrations"."version" ASC[0m
  ↳ bin/rails:9
  [1m[35m (0.1ms)[0m  [1m[34mSELECT pg_try_advisory_lock(6426619604749772295)[0m
  ↳ bin/rails:9
  [1m[35m (0.5ms)[0m  [1m[34mSELECT "schema_migrations"."version" FROM "schema_migrations" ORDER BY "schema_migrations"."version" ASC[0m
  ↳ bin/rails:9
Migrating to EditSubs (20210503205349)
  [1m[35m (0.1ms)[0m  [1m[35mBEGIN[0m
  ↳ bin/rails:9
  [1m[35m (0.4ms)[0m  [1m[35mALTER TABLE "subs" RENAME COLUMN "moderator" TO "moderator_id"[0m
  ↳ db/migrate/20210503205349_edit_subs.rb:3
  [1m[36mActiveRecord::SchemaMigration Create (0.2ms)[0m  [1m[32mINSERT INTO "schema_migrations" ("version") VALUES ($1) RETURNING "version"[0m  [["version", "20210503205349"]]
  ↳ bin/rails:9
  [1m[35m (3.6ms)[0m  [1m[35mCOMMIT[0m
  ↳ bin/rails:9
  [1m[36mActiveRecord::InternalMetadata Load (0.3ms)[0m  [1m[34mSELECT  "ar_internal_metadata".* FROM "ar_internal_metadata" WHERE "ar_internal_metadata"."key" = $1 LIMIT $2[0m  [["key", "environment"], ["LIMIT", 1]]
  ↳ bin/rails:9
  [1m[35m (0.1ms)[0m  [1m[35mBEGIN[0m
  ↳ bin/rails:9
  [1m[35m (0.1ms)[0m  [1m[35mCOMMIT[0m
  ↳ bin/rails:9
  [1m[35m (0.1ms)[0m  [1m[34mSELECT pg_advisory_unlock(6426619604749772295)[0m
  ↳ bin/rails:9
  [1m[35m (0.1ms)[0m  [1m[34mSELECT "schema_migrations"."version" FROM "schema_migrations" ORDER BY "schema_migrations"."version" ASC[0m
  ↳ bin/rails:9
  [1m[35m (0.7ms)[0m  [1m[34mSELECT "schema_migrations"."version" FROM "schema_migrations" ORDER BY "schema_migrations"."version" ASC[0m
  ↳ /Users/will/.rbenv/versions/2.5.1/bin/annotate:23
  [1m[36mUser Load (0.5ms)[0m  [1m[34mSELECT "users".* FROM "users"[0m
  [1m[35m (0.1ms)[0m  [1m[35mBEGIN[0m
  [1m[36mUser Exists (0.6ms)[0m  [1m[34mSELECT  1 AS one FROM "users" WHERE "users"."username" = $1 LIMIT $2[0m  [["username", "william"], ["LIMIT", 1]]
  [1m[36mUser Create (0.5ms)[0m  [1m[32mINSERT INTO "users" ("username", "password_digest", "session_token", "created_at", "updated_at") VALUES ($1, $2, $3, $4, $5) RETURNING "id"[0m  [["username", "william"], ["password_digest", "$2a$12$DuW6Lg24IcFD/Sa9rAdvoOD5SSZkCm.r7ixipkmbZfgm05YnFUCzu"], ["session_token", "V6oVxJ6onO-Y89L0Ksodlg"], ["created_at", "2021-05-03 21:01:32.820516"], ["updated_at", "2021-05-03 21:01:32.820516"]]
  [1m[35m (3.4ms)[0m  [1m[35mCOMMIT[0m
  [1m[36mUser Load (0.3ms)[0m  [1m[34mSELECT  "users".* FROM "users" ORDER BY "users"."id" ASC LIMIT $1[0m  [["LIMIT", 1]]
Started GET "/subs" for ::1 at 2021-05-03 17:58:21 -0400
  [1m[35m (0.5ms)[0m  [1m[34mSELECT "schema_migrations"."version" FROM "schema_migrations" ORDER BY "schema_migrations"."version" ASC[0m
  ↳ /Users/will/.rbenv/versions/2.5.1/lib/ruby/gems/2.5.0/gems/activerecord-5.2.5/lib/active_record/log_subscriber.rb:98
Processing by SubsController#index as HTML
  Rendering subs/index.html.erb within layouts/application
  Rendered subs/index.html.erb within layouts/application (4.4ms)
Completed 500 Internal Server Error in 14ms (ActiveRecord: 0.0ms)



NoMethodError - undefined method `each' for nil:NilClass:
  app/views/subs/index.html.erb:6:in `_app_views_subs_index_html_erb___569774011026663889_70351284902680'
  app/controllers/subs_controller.rb:5:in `index'

Started POST "/__better_errors/0e8cde96ab8029d6/variables" for ::1 at 2021-05-03 17:58:21 -0400
Started GET "/subs" for ::1 at 2021-05-03 17:59:00 -0400
Processing by SubsController#index as HTML
  Rendering subs/index.html.erb within layouts/application
  [1m[36mSub Load (0.5ms)[0m  [1m[34mSELECT "subs".* FROM "subs"[0m
  ↳ app/views/subs/index.html.erb:6
  Rendered subs/index.html.erb within layouts/application (2.5ms)
Completed 200 OK in 373ms (Views: 367.7ms | ActiveRecord: 1.6ms)


  [1m[35m (0.1ms)[0m  [1m[35mBEGIN[0m
  [1m[36mUser Load (0.2ms)[0m  [1m[34mSELECT  "users".* FROM "users" WHERE "users"."id" = $1 LIMIT $2[0m  [["id", 1], ["LIMIT", 1]]
  [1m[36mSub Create (0.4ms)[0m  [1m[32mINSERT INTO "subs" ("title", "description", "moderator_id", "created_at", "updated_at") VALUES ($1, $2, $3, $4, $5) RETURNING "id"[0m  [["title", "Automotive"], ["description", "All things car related"], ["moderator_id", 1], ["created_at", "2021-05-03 21:59:53.572047"], ["updated_at", "2021-05-03 21:59:53.572047"]]
  [1m[35m (11.6ms)[0m  [1m[35mCOMMIT[0m
Started GET "/subs" for ::1 at 2021-05-03 17:59:55 -0400
Processing by SubsController#index as HTML
  Rendering subs/index.html.erb within layouts/application
  [1m[36mSub Load (0.5ms)[0m  [1m[34mSELECT "subs".* FROM "subs"[0m
  ↳ app/views/subs/index.html.erb:6
  Rendered subs/index.html.erb within layouts/application (12.7ms)
Completed 200 OK in 27ms (Views: 22.7ms | ActiveRecord: 4.2ms)


Started GET "/subs/1" for ::1 at 2021-05-03 17:59:58 -0400
Processing by SubsController#show as HTML
  Parameters: {"id"=>"1"}
  [1m[36mSub Load (0.3ms)[0m  [1m[34mSELECT  "subs".* FROM "subs" WHERE "subs"."id" = $1 LIMIT $2[0m  [["id", 1], ["LIMIT", 1]]
  ↳ app/controllers/subs_controller.rb:14
Completed 500 Internal Server Error in 6ms (ActiveRecord: 0.5ms)



ActionView::MissingTemplate - Missing template subs/show, application/show with {:locale=>[:en], :formats=>[:html], :variants=>[], :handlers=>[:raw, :erb, :html, :builder, :ruby, :coffee, :jbuilder]}. Searched in:
  * "/Users/will/Documents/aA-classwork/w8d1_reddit/app/views":
  app/controllers/subs_controller.rb:15:in `show'

Started POST "/__better_errors/7898ee033bff4c58/variables" for ::1 at 2021-05-03 17:59:58 -0400
Started GET "/subs" for ::1 at 2021-05-03 18:00:01 -0400
Processing by SubsController#index as HTML
  Rendering subs/index.html.erb within layouts/application
  [1m[36mSub Load (0.3ms)[0m  [1m[34mSELECT "subs".* FROM "subs"[0m
  ↳ app/views/subs/index.html.erb:6
  Rendered subs/index.html.erb within layouts/application (1.2ms)
Completed 200 OK in 17ms (Views: 16.2ms | ActiveRecord: 0.3ms)


Started GET "/subs" for ::1 at 2021-05-03 18:01:28 -0400
Processing by SubsController#index as HTML
  Rendering subs/index.html.erb within layouts/application
  [1m[36mSub Load (0.2ms)[0m  [1m[34mSELECT "subs".* FROM "subs"[0m
  ↳ app/views/subs/index.html.erb:6
  Rendered subs/index.html.erb within layouts/application (0.9ms)
Completed 200 OK in 20ms (Views: 19.6ms | ActiveRecord: 0.2ms)


  [1m[35m (0.2ms)[0m  [1m[35mBEGIN[0m
  [1m[36mUser Load (0.2ms)[0m  [1m[34mSELECT  "users".* FROM "users" WHERE "users"."id" = $1 LIMIT $2[0m  [["id", 1], ["LIMIT", 1]]
  [1m[36mSub Create (0.3ms)[0m  [1m[32mINSERT INTO "subs" ("title", "description", "moderator_id", "created_at", "updated_at") VALUES ($1, $2, $3, $4, $5) RETURNING "id"[0m  [["title", "Gardening"], ["description", "Show off your plants!"], ["moderator_id", 1], ["created_at", "2021-05-03 22:02:15.075752"], ["updated_at", "2021-05-03 22:02:15.075752"]]
  [1m[35m (3.6ms)[0m  [1m[35mCOMMIT[0m
Started GET "/subs" for ::1 at 2021-05-03 18:02:16 -0400
Processing by SubsController#index as HTML
  Rendering subs/index.html.erb within layouts/application
  [1m[36mSub Load (0.2ms)[0m  [1m[34mSELECT "subs".* FROM "subs"[0m
  ↳ app/views/subs/index.html.erb:6
  Rendered subs/index.html.erb within layouts/application (0.9ms)
Completed 200 OK in 15ms (Views: 14.6ms | ActiveRecord: 0.2ms)


Started GET "/subs/1" for ::1 at 2021-05-03 18:02:18 -0400
Processing by SubsController#show as HTML
  Parameters: {"id"=>"1"}
  [1m[36mSub Load (0.3ms)[0m  [1m[34mSELECT  "subs".* FROM "subs" WHERE "subs"."id" = $1 LIMIT $2[0m  [["id", 1], ["LIMIT", 1]]
  ↳ app/controllers/subs_controller.rb:14
  Rendering subs/show.html.erb within layouts/application
  Rendered subs/show.html.erb within layouts/application (0.2ms)
Completed 200 OK in 15ms (Views: 14.3ms | ActiveRecord: 0.3ms)


Started GET "/subs/2" for ::1 at 2021-05-03 18:02:21 -0400
Processing by SubsController#show as HTML
  Parameters: {"id"=>"2"}
  [1m[36mSub Load (0.2ms)[0m  [1m[34mSELECT  "subs".* FROM "subs" WHERE "subs"."id" = $1 LIMIT $2[0m  [["id", 2], ["LIMIT", 1]]
  ↳ app/controllers/subs_controller.rb:14
  Rendering subs/show.html.erb within layouts/application
  Rendered subs/show.html.erb within layouts/application (0.2ms)
Completed 200 OK in 15ms (Views: 13.7ms | ActiveRecord: 0.2ms)


Started GET "/subs/1" for ::1 at 2021-05-03 18:02:24 -0400
Processing by SubsController#show as HTML
  Parameters: {"id"=>"1"}
  [1m[36mSub Load (0.5ms)[0m  [1m[34mSELECT  "subs".* FROM "subs" WHERE "subs"."id" = $1 LIMIT $2[0m  [["id", 1], ["LIMIT", 1]]
  ↳ app/controllers/subs_controller.rb:14
  Rendering subs/show.html.erb within layouts/application
  Rendered subs/show.html.erb within layouts/application (0.2ms)
Completed 200 OK in 23ms (Views: 21.3ms | ActiveRecord: 0.5ms)


Started GET "/subs/1" for ::1 at 2021-05-03 18:06:42 -0400
Processing by SubsController#show as HTML
  Parameters: {"id"=>"1"}
  [1m[36mSub Load (0.2ms)[0m  [1m[34mSELECT  "subs".* FROM "subs" WHERE "subs"."id" = $1 LIMIT $2[0m  [["id", 1], ["LIMIT", 1]]
  ↳ app/controllers/subs_controller.rb:14
  Rendering subs/show.html.erb within layouts/application
  Rendered subs/show.html.erb within layouts/application (0.2ms)
Completed 200 OK in 19ms (Views: 17.8ms | ActiveRecord: 0.2ms)


  [1m[35m (0.1ms)[0m  [1m[34mSELECT pg_try_advisory_lock(6426619604749772295)[0m
  ↳ bin/rails:9
  [1m[35m (0.5ms)[0m  [1m[34mSELECT "schema_migrations"."version" FROM "schema_migrations" ORDER BY "schema_migrations"."version" ASC[0m
  ↳ bin/rails:9
Migrating to CreatePostSubs (20210503222805)
  [1m[35m (0.1ms)[0m  [1m[35mBEGIN[0m
  ↳ bin/rails:9
  [1m[35m (5.8ms)[0m  [1m[35mCREATE TABLE "post_subs" ("id" bigserial primary key, "post_id" integer, "sub_id" integer, "created_at" timestamp NOT NULL, "updated_at" timestamp NOT NULL)[0m
  ↳ db/migrate/20210503222805_create_post_subs.rb:3
  [1m[35m (1.4ms)[0m  [1m[35mCREATE  INDEX  "index_post_subs_on_post_id" ON "post_subs"  ("post_id")[0m
  ↳ db/migrate/20210503222805_create_post_subs.rb:8
  [1m[35m (0.6ms)[0m  [1m[35mCREATE  INDEX  "index_post_subs_on_sub_id" ON "post_subs"  ("sub_id")[0m
  ↳ db/migrate/20210503222805_create_post_subs.rb:9
  [1m[35m (0.7ms)[0m  [1m[35mCREATE UNIQUE INDEX  "index_post_subs_on_post_id_and_sub_id" ON "post_subs"  ("post_id", "sub_id")[0m
  ↳ db/migrate/20210503222805_create_post_subs.rb:10
  [1m[36mActiveRecord::SchemaMigration Create (0.2ms)[0m  [1m[32mINSERT INTO "schema_migrations" ("version") VALUES ($1) RETURNING "version"[0m  [["version", "20210503222805"]]
  ↳ bin/rails:9
  [1m[35m (0.7ms)[0m  [1m[35mCOMMIT[0m
  ↳ bin/rails:9
  [1m[36mActiveRecord::InternalMetadata Load (0.3ms)[0m  [1m[34mSELECT  "ar_internal_metadata".* FROM "ar_internal_metadata" WHERE "ar_internal_metadata"."key" = $1 LIMIT $2[0m  [["key", "environment"], ["LIMIT", 1]]
  ↳ bin/rails:9
  [1m[35m (0.1ms)[0m  [1m[35mBEGIN[0m
  ↳ bin/rails:9
  [1m[35m (0.1ms)[0m  [1m[35mCOMMIT[0m
  ↳ bin/rails:9
  [1m[35m (0.2ms)[0m  [1m[34mSELECT pg_advisory_unlock(6426619604749772295)[0m
  ↳ bin/rails:9
  [1m[35m (0.2ms)[0m  [1m[34mSELECT "schema_migrations"."version" FROM "schema_migrations" ORDER BY "schema_migrations"."version" ASC[0m
  ↳ bin/rails:9
